<?xml version="1.0" encoding="UTF-8"?>
<!-- Generated by org.testng.reporters.JUnitXMLReporter -->
<testsuite ignored="0" hostname="LAPTOP-HPGR5EAK" failures="0" tests="12" name="Admin module" time="49.941" errors="0" timestamp="05 Aug 2020 18:25:30 GMT">
  <testcase classname="com.dcirrus.login.DcirrusAutomation" name="@BeforeClass setUp" time="49.777">
    <failure type="org.openqa.selenium.NoSuchElementException" message="no such element: Unable to locate element: {&amp;quot;method&amp;quot;:&amp;quot;link text&amp;quot;,&amp;quot;selector&amp;quot;:&amp;quot;Business User&amp;quot;}
  (Session info: chrome=84.0.4147.105)
For documentation on this error, please visit: https://www.seleniumhq.org/exceptions/no_such_element.html
Build info: version: &amp;apos;3.141.59&amp;apos;, revision: &amp;apos;e82be7d358&amp;apos;, time: &amp;apos;2018-11-14T08:25:53&amp;apos;
System info: host: &amp;apos;LAPTOP-HPGR5EAK&amp;apos;, ip: &amp;apos;192.168.43.193&amp;apos;, os.name: &amp;apos;Windows 10&amp;apos;, os.arch: &amp;apos;amd64&amp;apos;, os.version: &amp;apos;10.0&amp;apos;, java.version: &amp;apos;14.0.1&amp;apos;
Driver info: org.openqa.selenium.chrome.ChromeDriver
Capabilities {acceptInsecureCerts: false, browserName: chrome, browserVersion: 84.0.4147.105, chrome: {chromedriverVersion: 83.0.4103.39 (ccbf011cb2d2b..., userDataDir: C:\Users\91863\AppData\Loca...}, goog:chromeOptions: {debuggerAddress: localhost:51854}, javascriptEnabled: true, networkConnectionEnabled: false, pageLoadStrategy: normal, platform: WINDOWS, platformName: WINDOWS, proxy: Proxy(), setWindowRect: true, strictFileInteractability: false, timeouts: {implicit: 0, pageLoad: 300000, script: 30000}, unhandledPromptBehavior: dismiss and notify, webauthn:virtualAuthenticators: true}
Session ID: 2342524c434e7b97f8a564f40797a114
*** Element info: {Using=link text, value=Business User}">
      <![CDATA[org.openqa.selenium.NoSuchElementException: no such element: Unable to locate element: {"method":"link text","selector":"Business User"}
  (Session info: chrome=84.0.4147.105)
For documentation on this error, please visit: https://www.seleniumhq.org/exceptions/no_such_element.html
Build info: version: '3.141.59', revision: 'e82be7d358', time: '2018-11-14T08:25:53'
System info: host: 'LAPTOP-HPGR5EAK', ip: '192.168.43.193', os.name: 'Windows 10', os.arch: 'amd64', os.version: '10.0', java.version: '14.0.1'
Driver info: org.openqa.selenium.chrome.ChromeDriver
Capabilities {acceptInsecureCerts: false, browserName: chrome, browserVersion: 84.0.4147.105, chrome: {chromedriverVersion: 83.0.4103.39 (ccbf011cb2d2b..., userDataDir: C:\Users\91863\AppData\Loca...}, goog:chromeOptions: {debuggerAddress: localhost:51854}, javascriptEnabled: true, networkConnectionEnabled: false, pageLoadStrategy: normal, platform: WINDOWS, platformName: WINDOWS, proxy: Proxy(), setWindowRect: true, strictFileInteractability: false, timeouts: {implicit: 0, pageLoad: 300000, script: 30000}, unhandledPromptBehavior: dismiss and notify, webauthn:virtualAuthenticators: true}
Session ID: 2342524c434e7b97f8a564f40797a114
*** Element info: {Using=link text, value=Business User}
at org.openqa.selenium.remote.http.W3CHttpResponseCodec.createException(W3CHttpResponseCodec.java:187)
at org.openqa.selenium.remote.http.W3CHttpResponseCodec.decode(W3CHttpResponseCodec.java:122)
at org.openqa.selenium.remote.http.W3CHttpResponseCodec.decode(W3CHttpResponseCodec.java:49)
at org.openqa.selenium.remote.HttpCommandExecutor.execute(HttpCommandExecutor.java:158)
at org.openqa.selenium.remote.service.DriverCommandExecutor.execute(DriverCommandExecutor.java:83)
at org.openqa.selenium.remote.RemoteWebDriver.execute(RemoteWebDriver.java:552)
at org.openqa.selenium.remote.RemoteWebDriver.findElement(RemoteWebDriver.java:323)
at org.openqa.selenium.remote.RemoteWebDriver.findElementByLinkText(RemoteWebDriver.java:380)
at org.openqa.selenium.By$ByLinkText.findElement(By.java:220)
at org.openqa.selenium.remote.RemoteWebDriver.findElement(RemoteWebDriver.java:315)
at com.dcirrus.login.DcirrusAutomation.setUp(DcirrusAutomation.java:34)
... Removed 31 stack frames]]>
    </failure>
  </testcase> <!-- @BeforeClass setUp -->
  <testcase classname="com.dcirrus.login.DcirrusAutomation" name="@AfterClass tearDown" time="0.0">
    <skipped/>
  </testcase> <!-- @AfterClass tearDown -->
  <testcase classname="com.dcirrus.login.DcirrusAutomation" name="createNewFolder" time="0.0">
    <skipped/>
  </testcase> <!-- createNewFolder -->
  <testcase classname="com.dcirrus.login.DcirrusAutomation" name="existingFolder" time="0.0">
    <skipped/>
  </testcase> <!-- existingFolder -->
  <testcase classname="com.dcirrus.login.DcirrusAutomation" name="enterFolderName" time="0.0">
    <skipped/>
  </testcase> <!-- enterFolderName -->
  <testcase classname="com.dcirrus.login.DcirrusAutomation" name="subFolder" time="0.0">
    <skipped/>
  </testcase> <!-- subFolder -->
  <testcase classname="com.dcirrus.login.DcirrusAutomation" name="uploadFile" time="0.0">
    <skipped/>
  </testcase> <!-- uploadFile -->
  <testcase classname="com.dcirrus.login.DcirrusAutomation" name="rename" time="0.0">
    <skipped/>
  </testcase> <!-- rename -->
  <testcase classname="com.dcirrus.login.DcirrusAutomation" name="restore" time="0.0">
    <skipped/>
  </testcase> <!-- restore -->
  <testcase classname="com.dcirrus.login.DcirrusAutomation" name="downloadVersionList" time="0.0">
    <skipped/>
  </testcase> <!-- downloadVersionList -->
  <testcase classname="com.dcirrus.login.DcirrusAutomation" name="downloadFile" time="0.0">
    <skipped/>
  </testcase> <!-- downloadFile -->
  <testcase classname="com.dcirrus.login.DcirrusAutomation" name="downloadMultipleFiles" time="0.0">
    <skipped/>
  </testcase> <!-- downloadMultipleFiles -->
  <testcase classname="com.dcirrus.login.DcirrusAutomation" name="downloadFolder" time="0.0">
    <skipped/>
  </testcase> <!-- downloadFolder -->
  <testcase classname="com.dcirrus.login.DcirrusAutomation" name="deleteFolder" time="0.0">
    <skipped/>
  </testcase> <!-- deleteFolder -->
</testsuite> <!-- Admin module -->
